
finalUrl: 'https://www.mightyape.com.au/product/Better-Call-Saul-2016-Calendar/24122473' } ]
scraperjs:Mighty Ape finished +511ms https://www.mightyape.com.au/product/Better-Call-Saul-2016-Calendar/24122473
scraperjs:Mighty Ape process +10ms https://www.mightyape.com.au/Authors/Rick-Tillotson
scraperjs:processItem navigate to https://www.mightyape.com.au/Authors/Rick-Tillotson +0ms
scraperjs:processItem inject jquery +0ms
scraperjs:processItem run method +0ms
data received [ { queue: [],
data: [ [Object] ],
finalUrl: 'https://www.mightyape.com.au/product/Croxley-DLE-Window-Seal-Easi-White-Envelope-Pkt-100/21768433' } ]
scraperjs:Mighty Ape finished +51ms https://www.mightyape.com.au/product/Croxley-DLE-Window-Seal-Easi-White-Envelope-Pkt-100/21768433
scraperjs:Mighty Ape process +7ms https://www.mightyape.com.au/product/Ciak-Lined-Notebook-150x210mm-Blue/22759307
scraperjs:processItem navigate to https://www.mightyape.com.au/product/Ciak-Lined-Notebook-150x210mm-Blue/22759307 +0ms
scraperjs:processItem inject jquery +0ms
scraperjs:processItem run method +0ms
/opt/scraping/node_modules/selenium-webdriver/lib/promise.js:654
throw error;
^

WebDri
WebDriverError: {"errorMessage":"undefined is not an object (evaluating 'window.jQuery.fn')","request":{"headers":{"Accept":"application/json; charset=utf-8","Connection":"close","Content-Length":"466","C
ontent-Type":"application/json;charset=UTF-8","Host":"172.31.40.46:51676"},"httpVersion":"1.1","method":"POST","post":"{\"script\":\"return (function () {\\n        // click should simulate a real click,
not just for things built with jQuery.\\n        window.jQuery.fn.extend({\\n          click: function click() {\\n            this.get(0).click();\\n            // this.get(0).dispatchEvent(new MouseEven
t('click'));\\n          }\\n        });\\n\\n        window.privatenoconflictinglsjquery = window.jQuery;\\n        window.jQuery.noConflict();\\n      }).apply(null, arguments);\",\"args\":[]}","url":"/
execute","urlParsed":{"anchor":"","query":"","file":"execute","directory":"/","path":"/execute","relative":"/execute","port":"","host":"","password":"","user":"","userInfo":"","authority":"","protocol":""
,"source":"/execute","queryKey":{},"chunks":["execute"]},"urlOriginal":"/session/6f5e6630-37b3-11e6-8d2a-cff7e86039ae/execute"}}
    at WebDriverError (/opt/scraping/node_modules/selenium-webdriver/lib/error.js:27:5)
    at Object.checkLegacyResponse (/opt/scraping/node_modules/selenium-webdriver/lib/error.js:639:15)
    at parseHttpResponse (/opt/scraping/node_modules/selenium-webdriver/http/index.js:538:13)
    at client_.send.then.response (/opt/scraping/node_modules/selenium-webdriver/http/index.js:472:11)
    at ManagedPromise.invokeCallback_ (/opt/scraping/node_modules/selenium-webdriver/lib/promise.js:1379:14)
    at TaskQueue.execute_ (/opt/scraping/node_modules/selenium-webdriver/lib/promise.js:2913:14)
    at TaskQueue.executeNext_ (/opt/scraping/node_modules/selenium-webdriver/lib/promise.js:2896:21)
    at asyncRun (/opt/scraping/node_modules/selenium-webdriver/lib/promise.js:2820:25)
    at /opt/scraping/node_modules/selenium-webdriver/lib/promise.js:639:7
    at run (/opt/scraping/node_modules/core-js/modules/es6.promise.js:89:22)
    at /opt/scraping/node_modules/core-js/modules/es6.promise.js:102:28
    at flush (/opt/scraping/node_modules/core-js/modules/_microtask.js:18:9)
    at _combinedTickCallback (internal/process/next_tick.js:67:7)
    at process._tickDomainCallback (internal/process/next_tick.js:122:9)
From: Task: WebDriver.executeScript()
    at Driver.schedule (/opt/scraping/node_modules/selenium-webdriver/lib/webdriver.js:377:17)
    at Driver.executeScript (/opt/scraping/node_modules/selenium-webdriver/lib/webdriver.js:526:16)
    at Browser.injectJQuery (/opt/scraping/node_modules/scraper.js/dist/lib/browser.js:60:19)
    at processItem (/opt/scraping/node_modules/scraper.js/dist/processItem.js:28:11)
    at _callee$ (/opt/scraping/node_modules/scraper.js/dist/run.js:128:60)
    at tryCatch (/opt/scraping/node_modules/regenerator-runtime/runtime.js:62:40)
    at GeneratorFunctionPrototype.invoke [as _invoke] (/opt/scraping/node_modules/regenerator-runtime/runtime.js:336:22)
    at GeneratorFunctionPrototype.prototype.(anonymous function) [as next] (/opt/scraping/node_modules/regenerator-runtime/runtime.js:95:21)
    at step (/opt/scraping/node_modules/scraper.js/dist/run.js:52:191)
    at /opt/scraping/node_modules/scraper.js/dist/run.js:52:451
    at new Promise (/opt/scraping/node_modules/core-js/modules/es6.promise.js:193:7)
    at /opt/scraping/node_modules/scraper.js/dist/run.js:52:99
    at /opt/scraping/node_modules/scraper.js/dist/run.js:190:30
    at Queue.promiseWrapper (/opt/scraping/node_modules/scraper.js-queue-bull/dist/queue-bull.js:30:16)
    at Queue.tryCatcher (/opt/scraping/node_modules/bluebird/js/release/util.js:16:23)
    at Queue.handler (/opt/scraping/node_modules/bluebird/js/release/method.js:15:34)

npm ERR! Linux 4.4.0-24-generic
npm ERR! argv "/home/ls/.nvm/versions/node/v6.2.1/bin/node" "/home/ls/.nvm/versions/node/v6.2.1/bin/npm" "start"
npm ERR! node v6.2.1
npm ERR! npm  v3.9.3
npm ERR! code ELIFECYCLE
npm ERR! scraping@1.0.0 start: `HEADLESS=true PRIORITY_QUEUE=true DEBUG=scraperjs* babel-node `which scraperjs` --concurrency 8 --queue scraper.js-queue-bull --cache scraper.js-urlcache-redis --data data.js ./scrapers/`
npm ERR! Exit status 1
npm ERR!
npm ERR! Failed at the scraping@1.0.0 start script 'HEADLESS=true PRIORITY_QUEUE=true DEBUG=scraperjs* babel-node `which scraperjs` --concurrency 8 --queue scraper.js-queue-bull --cache scraper.js-urlcache-redis --data data.js ./scrapers/'.
npm ERR! Make sure you have the latest version of node.js and npm installed.
npm ERR! If you do, this is most likely a problem with the scraping package,
npm ERR! not with npm itself.
npm ERR! Tell the author that this fails on your system:
